生成启动时间为 19/4/2024 下午11:20:35。
日志记录详细程度设置为: Normal。     1>项目“D:\MYTHING\code\Compilers\Compiler\Compiler\Compiler.vcxproj”在节点 2 上(Build 个目标)。
     1>PrepareForBuild:
         已启用结构化输出。编译器诊断的格式设置将反映错误层次结构。有关详细信息，请参阅 https://aka.ms/cpp/structured-output。
       InitializeBuildStatus:
         正在创建“x64\Debug\Compiler.tlog\unsuccessfulbuild”，因为已指定“AlwaysCreate”。
         正在对“x64\Debug\Compiler.tlog\unsuccessfulbuild”执行 Touch 任务。
       ClCompile:
         C:\Program Files\Microsoft Visual Studio\2022\Community\VC\Tools\MSVC\14.39.33519\bin\HostX64\x64\CL.exe /c /ZI /JMC /nologo /W3 /WX- /diagnostics:column /sdl /Od /D _DEBUG /D _CONSOLE /D _UNICODE /D UNICODE /Gm- /EHsc /RTC1 /MDd /GS /fp:precise /Zc:wchar_t /Zc:forScope /Zc:inline /permissive- /Fo"x64\Debug\\" /Fd"x64\Debug\vc143.pdb" /external:W3 /Gd /TP /FC /errorReport:prompt Lexer.cpp
         Lexer.cpp
     1>D:\MYTHING\code\Compilers\Compiler\Compiler\Lexer.cpp(1,1): warning C4819: 该文件包含不能在当前代码页(936)中表示的字符。请将该文件保存为 Unicode 格式以防止数据丢失
       Link:
         C:\Program Files\Microsoft Visual Studio\2022\Community\VC\Tools\MSVC\14.39.33519\bin\HostX64\x64\link.exe /ERRORREPORT:PROMPT /OUT:"D:\MYTHING\code\Compilers\Compiler\x64\Debug\Compiler.exe" /INCREMENTAL /ILK:"x64\Debug\Compiler.ilk" /NOLOGO kernel32.lib user32.lib gdi32.lib winspool.lib comdlg32.lib advapi32.lib shell32.lib ole32.lib oleaut32.lib uuid.lib odbc32.lib odbccp32.lib /MANIFEST /MANIFESTUAC:"level='asInvoker' uiAccess='false'" /manifest:embed /DEBUG /PDB:"D:\MYTHING\code\Compilers\Compiler\x64\Debug\Compiler.pdb" /SUBSYSTEM:CONSOLE /TLBID:1 /DYNAMICBASE /NXCOMPAT /IMPLIB:"D:\MYTHING\code\Compilers\Compiler\x64\Debug\Compiler.lib" /MACHINE:X64 x64\Debug\Lexer.obj
         x64\Debug\main.obj
         Compiler.vcxproj -> D:\MYTHING\code\Compilers\Compiler\x64\Debug\Compiler.exe
       FinalizeBuildStatus:
         正在删除文件“x64\Debug\Compiler.tlog\unsuccessfulbuild”。
         正在对“x64\Debug\Compiler.tlog\Compiler.lastbuildstate”执行 Touch 任务。
     1>已完成生成项目“D:\MYTHING\code\Compilers\Compiler\Compiler\Compiler.vcxproj”(Build 个目标)的操作。

已成功生成。

       “D:\MYTHING\code\Compilers\Compiler\Compiler\Compiler.vcxproj”(Build 目标) (1) ->
       (ClCompile 目标) -> 
         D:\MYTHING\code\Compilers\Compiler\Compiler\Lexer.cpp(1,1): warning C4819: 该文件包含不能在当前代码页(936)中表示的字符。请将该文件保存为 Unicode 格式以防止数据丢失

    1 个警告
    0 个错误

已用时间 00:00:00.96
